ERROR - 2022-05-22 18:26:17 --> mysqli_sql_exception: Table 'helpdesk.hdz_config' doesn't exist in /Users/dodacdung/Sites/localhost/helpdeskz/hdz/framework/Database/MySQLi/Connection.php:314
Stack trace:
#0 /Users/dodacdung/Sites/localhost/helpdeskz/hdz/framework/Database/MySQLi/Connection.php(314): mysqli->query('SELECT *\nFROM `...')
#1 /Users/dodacdung/Sites/localhost/helpdeskz/hdz/framework/Database/BaseConnection.php(713): CodeIgniter\Database\MySQLi\Connection->execute('SELECT *\nFROM `...')
#2 /Users/dodacdung/Sites/localhost/helpdeskz/hdz/framework/Database/BaseConnection.php(641): CodeIgniter\Database\BaseConnection->simpleQuery('SELECT *\nFROM `...')
#3 /Users/dodacdung/Sites/localhost/helpdeskz/hdz/framework/Database/BaseBuilder.php(1866): CodeIgniter\Database\BaseConnection->query('SELECT *\nFROM `...', Array, false)
#4 /Users/dodacdung/Sites/localhost/helpdeskz/hdz/app/Libraries/Settings.php(20): CodeIgniter\Database\BaseBuilder->get()
#5 /Users/dodacdung/Sites/localhost/helpdeskz/hdz/app/Filters/UserAuth.php(22): App\Libraries\Settings->config('maintenance')
#6 /Users/dodacdung/Sites/localhost/helpdeskz/hdz/framework/Filters/Filters.php(181): App\Filters\UserAuth->before(Object(CodeIgniter\HTTP\IncomingRequest), NULL)
#7 /Users/dodacdung/Sites/localhost/helpdeskz/hdz/framework/CodeIgniter.php(403): CodeIgniter\Filters\Filters->run('/', 'before')
#8 /Users/dodacdung/Sites/localhost/helpdeskz/hdz/framework/CodeIgniter.php(333): CodeIgniter\CodeIgniter->handleRequest(NULL, Object(Config\Cache), false)
#9 /Users/dodacdung/Sites/localhost/helpdeskz/index.php(44): CodeIgniter\CodeIgniter->run()
#10 {main}
ERROR - 2022-05-22 18:26:17 --> mysqli_sql_exception: Table 'helpdesk.hdz_config' doesn't exist in /Users/dodacdung/Sites/localhost/helpdeskz/hdz/framework/Database/MySQLi/Connection.php:314
Stack trace:
#0 /Users/dodacdung/Sites/localhost/helpdeskz/hdz/framework/Database/MySQLi/Connection.php(314): mysqli->query('SELECT *\nFROM `...')
#1 /Users/dodacdung/Sites/localhost/helpdeskz/hdz/framework/Database/BaseConnection.php(713): CodeIgniter\Database\MySQLi\Connection->execute('SELECT *\nFROM `...')
#2 /Users/dodacdung/Sites/localhost/helpdeskz/hdz/framework/Database/BaseConnection.php(641): CodeIgniter\Database\BaseConnection->simpleQuery('SELECT *\nFROM `...')
#3 /Users/dodacdung/Sites/localhost/helpdeskz/hdz/framework/Database/BaseBuilder.php(1866): CodeIgniter\Database\BaseConnection->query('SELECT *\nFROM `...', Array, false)
#4 /Users/dodacdung/Sites/localhost/helpdeskz/hdz/app/Libraries/Settings.php(20): CodeIgniter\Database\BaseBuilder->get()
#5 /Users/dodacdung/Sites/localhost/helpdeskz/hdz/app/Filters/UserAuth.php(28): App\Libraries\Settings->config('timezone')
#6 /Users/dodacdung/Sites/localhost/helpdeskz/hdz/framework/Filters/Filters.php(181): App\Filters\UserAuth->before(Object(CodeIgniter\HTTP\IncomingRequest), NULL)
#7 /Users/dodacdung/Sites/localhost/helpdeskz/hdz/framework/CodeIgniter.php(403): CodeIgniter\Filters\Filters->run('/', 'before')
#8 /Users/dodacdung/Sites/localhost/helpdeskz/hdz/framework/CodeIgniter.php(333): CodeIgniter\CodeIgniter->handleRequest(NULL, Object(Config\Cache), false)
#9 /Users/dodacdung/Sites/localhost/helpdeskz/index.php(44): CodeIgniter\CodeIgniter->run()
#10 {main}
ERROR - 2022-05-22 18:26:17 --> mysqli_sql_exception: Table 'helpdesk.hdz_config' doesn't exist in /Users/dodacdung/Sites/localhost/helpdeskz/hdz/framework/Database/MySQLi/Connection.php:314
Stack trace:
#0 /Users/dodacdung/Sites/localhost/helpdeskz/hdz/framework/Database/MySQLi/Connection.php(314): mysqli->query('SELECT *\nFROM `...')
#1 /Users/dodacdung/Sites/localhost/helpdeskz/hdz/framework/Database/BaseConnection.php(713): CodeIgniter\Database\MySQLi\Connection->execute('SELECT *\nFROM `...')
#2 /Users/dodacdung/Sites/localhost/helpdeskz/hdz/framework/Database/BaseConnection.php(641): CodeIgniter\Database\BaseConnection->simpleQuery('SELECT *\nFROM `...')
#3 /Users/dodacdung/Sites/localhost/helpdeskz/hdz/framework/Database/BaseBuilder.php(1866): CodeIgniter\Database\BaseConnection->query('SELECT *\nFROM `...', Array, false)
#4 /Users/dodacdung/Sites/localhost/helpdeskz/hdz/app/Libraries/Settings.php(20): CodeIgniter\Database\BaseBuilder->get()
#5 /Users/dodacdung/Sites/localhost/helpdeskz/hdz/app/Controllers/BaseController.php(71): App\Libraries\Settings->config('maintenance')
#6 /Users/dodacdung/Sites/localhost/helpdeskz/hdz/framework/CodeIgniter.php(909): App\Controllers\BaseController->initController(Object(CodeIgniter\HTTP\IncomingRequest), Object(CodeIgniter\HTTP\Response), Object(CodeIgniter\Log\Logger))
#7 /Users/dodacdung/Sites/localhost/helpdeskz/hdz/framework/CodeIgniter.php(422): CodeIgniter\CodeIgniter->createController()
#8 /Users/dodacdung/Sites/localhost/helpdeskz/hdz/framework/CodeIgniter.php(333): CodeIgniter\CodeIgniter->handleRequest(NULL, Object(Config\Cache), false)
#9 /Users/dodacdung/Sites/localhost/helpdeskz/index.php(44): CodeIgniter\CodeIgniter->run()
#10 {main}
ERROR - 2022-05-22 18:26:17 --> mysqli_sql_exception: Table 'helpdesk.hdz_config' doesn't exist in /Users/dodacdung/Sites/localhost/helpdeskz/hdz/framework/Database/MySQLi/Connection.php:314
Stack trace:
#0 /Users/dodacdung/Sites/localhost/helpdeskz/hdz/framework/Database/MySQLi/Connection.php(314): mysqli->query('SELECT *\nFROM `...')
#1 /Users/dodacdung/Sites/localhost/helpdeskz/hdz/framework/Database/BaseConnection.php(713): CodeIgniter\Database\MySQLi\Connection->execute('SELECT *\nFROM `...')
#2 /Users/dodacdung/Sites/localhost/helpdeskz/hdz/framework/Database/BaseConnection.php(641): CodeIgniter\Database\BaseConnection->simpleQuery('SELECT *\nFROM `...')
#3 /Users/dodacdung/Sites/localhost/helpdeskz/hdz/framework/Database/BaseBuilder.php(1866): CodeIgniter\Database\BaseConnection->query('SELECT *\nFROM `...', Array, false)
#4 /Users/dodacdung/Sites/localhost/helpdeskz/hdz/app/Libraries/Settings.php(20): CodeIgniter\Database\BaseBuilder->get()
#5 /Users/dodacdung/Sites/localhost/helpdeskz/hdz/app/Helpers/helpdesk_helper.php(15): App\Libraries\Settings->config('windows_title')
#6 /Users/dodacdung/Sites/localhost/helpdeskz/hdz/app/Views/client/home.php(6): site_config('windows_title')
#7 /Users/dodacdung/Sites/localhost/helpdeskz/hdz/framework/View/View.php(220): include('/Users/dodacdun...')
#8 /Users/dodacdung/Sites/localhost/helpdeskz/hdz/framework/View/View.php(222): CodeIgniter\View\View->CodeIgniter\View\{closure}()
#9 /Users/dodacdung/Sites/localhost/helpdeskz/hdz/framework/Common.php(1217): CodeIgniter\View\View->render('client/home', Array, true)
#10 /Users/dodacdung/Sites/localhost/helpdeskz/hdz/app/Controllers/Kb.php(19): view('client/home', Array)
#11 /Users/dodacdung/Sites/localhost/helpdeskz/hdz/framework/CodeIgniter.php(936): App\Controllers\Kb->home()
#12 /Users/dodacdung/Sites/localhost/helpdeskz/hdz/framework/CodeIgniter.php(432): CodeIgniter\CodeIgniter->runController(Object(App\Controllers\Kb))
#13 /Users/dodacdung/Sites/localhost/helpdeskz/hdz/framework/CodeIgniter.php(333): CodeIgniter\CodeIgniter->handleRequest(NULL, Object(Config\Cache), false)
#14 /Users/dodacdung/Sites/localhost/helpdeskz/index.php(44): CodeIgniter\CodeIgniter->run()
#15 {main}
ERROR - 2022-05-22 18:26:17 --> mysqli_sql_exception: Table 'helpdesk.hdz_kb_category' doesn't exist in /Users/dodacdung/Sites/localhost/helpdeskz/hdz/framework/Database/MySQLi/Connection.php:314
Stack trace:
#0 /Users/dodacdung/Sites/localhost/helpdeskz/hdz/framework/Database/MySQLi/Connection.php(314): mysqli->query('SELECT *\nFROM `...')
#1 /Users/dodacdung/Sites/localhost/helpdeskz/hdz/framework/Database/BaseConnection.php(713): CodeIgniter\Database\MySQLi\Connection->execute('SELECT *\nFROM `...')
#2 /Users/dodacdung/Sites/localhost/helpdeskz/hdz/framework/Database/BaseConnection.php(641): CodeIgniter\Database\BaseConnection->simpleQuery('SELECT *\nFROM `...')
#3 /Users/dodacdung/Sites/localhost/helpdeskz/hdz/framework/Database/BaseBuilder.php(1866): CodeIgniter\Database\BaseConnection->query('SELECT *\nFROM `...', Array, false)
#4 /Users/dodacdung/Sites/localhost/helpdeskz/hdz/framework/Model.php(836): CodeIgniter\Database\BaseBuilder->get()
#5 /Users/dodacdung/Sites/localhost/helpdeskz/hdz/app/Libraries/Kb.php(73): CodeIgniter\Model->__call('get', Array)
#6 /Users/dodacdung/Sites/localhost/helpdeskz/hdz/app/Libraries/Kb.php(28): App\Libraries\Kb->publicCatList()
#7 /Users/dodacdung/Sites/localhost/helpdeskz/hdz/app/Config/Services.php(41): App\Libraries\Kb->__construct()
#8 /Users/dodacdung/Sites/localhost/helpdeskz/hdz/framework/Config/BaseService.php(100): Config\Services::kb(false)
#9 /Users/dodacdung/Sites/localhost/helpdeskz/hdz/app/Config/Services.php(39): CodeIgniter\Config\BaseService::getSharedInstance('kb')
#10 /Users/dodacdung/Sites/localhost/helpdeskz/hdz/app/Helpers/helpdesk_helper.php(94): Config\Services::kb()
#11 /Users/dodacdung/Sites/localhost/helpdeskz/hdz/app/Views/client/home.php(49): kb_categories(0)
#12 /Users/dodacdung/Sites/localhost/helpdeskz/hdz/framework/View/View.php(220): include('/Users/dodacdun...')
#13 /Users/dodacdung/Sites/localhost/helpdeskz/hdz/framework/View/View.php(222): CodeIgniter\View\View->CodeIgniter\View\{closure}()
#14 /Users/dodacdung/Sites/localhost/helpdeskz/hdz/framework/Common.php(1217): CodeIgniter\View\View->render('client/home', Array, true)
#15 /Users/dodacdung/Sites/localhost/helpdeskz/hdz/app/Controllers/Kb.php(19): view('client/home', Array)
#16 /Users/dodacdung/Sites/localhost/helpdeskz/hdz/framework/CodeIgniter.php(936): App\Controllers\Kb->home()
#17 /Users/dodacdung/Sites/localhost/helpdeskz/hdz/framework/CodeIgniter.php(432): CodeIgniter\CodeIgniter->runController(Object(App\Controllers\Kb))
#18 /Users/dodacdung/Sites/localhost/helpdeskz/hdz/framework/CodeIgniter.php(333): CodeIgniter\CodeIgniter->handleRequest(NULL, Object(Config\Cache), false)
#19 /Users/dodacdung/Sites/localhost/helpdeskz/index.php(44): CodeIgniter\CodeIgniter->run()
#20 {main}
CRITICAL - 2022-05-22 18:26:17 --> Attempt to read property "num_rows" on bool
#0 /Users/dodacdung/Sites/localhost/helpdeskz/hdz/app/Libraries/Kb.php(74): CodeIgniter\Debug\Exceptions->errorHandler(2, 'Attempt to read...', '/Users/dodacdun...', 74)
#1 /Users/dodacdung/Sites/localhost/helpdeskz/hdz/app/Libraries/Kb.php(28): App\Libraries\Kb->publicCatList()
#2 /Users/dodacdung/Sites/localhost/helpdeskz/hdz/app/Config/Services.php(41): App\Libraries\Kb->__construct()
#3 /Users/dodacdung/Sites/localhost/helpdeskz/hdz/framework/Config/BaseService.php(100): Config\Services::kb(false)
#4 /Users/dodacdung/Sites/localhost/helpdeskz/hdz/app/Config/Services.php(39): CodeIgniter\Config\BaseService::getSharedInstance('kb')
#5 /Users/dodacdung/Sites/localhost/helpdeskz/hdz/app/Helpers/helpdesk_helper.php(94): Config\Services::kb()
#6 /Users/dodacdung/Sites/localhost/helpdeskz/hdz/app/Views/client/home.php(49): kb_categories(0)
#7 /Users/dodacdung/Sites/localhost/helpdeskz/hdz/framework/View/View.php(220): include('/Users/dodacdun...')
#8 /Users/dodacdung/Sites/localhost/helpdeskz/hdz/framework/View/View.php(222): CodeIgniter\View\View->CodeIgniter\View\{closure}()
#9 /Users/dodacdung/Sites/localhost/helpdeskz/hdz/framework/Common.php(1217): CodeIgniter\View\View->render('client/home', Array, true)
#10 /Users/dodacdung/Sites/localhost/helpdeskz/hdz/app/Controllers/Kb.php(19): view('client/home', Array)
#11 /Users/dodacdung/Sites/localhost/helpdeskz/hdz/framework/CodeIgniter.php(936): App\Controllers\Kb->home()
#12 /Users/dodacdung/Sites/localhost/helpdeskz/hdz/framework/CodeIgniter.php(432): CodeIgniter\CodeIgniter->runController(Object(App\Controllers\Kb))
#13 /Users/dodacdung/Sites/localhost/helpdeskz/hdz/framework/CodeIgniter.php(333): CodeIgniter\CodeIgniter->handleRequest(NULL, Object(Config\Cache), false)
#14 /Users/dodacdung/Sites/localhost/helpdeskz/index.php(44): CodeIgniter\CodeIgniter->run()
#15 {main}
ERROR - 2022-05-22 18:26:45 --> mysqli_sql_exception: Table 'helpdesk.hdz_config' doesn't exist in /Users/dodacdung/Sites/localhost/helpdeskz/hdz/framework/Database/MySQLi/Connection.php:314
Stack trace:
#0 /Users/dodacdung/Sites/localhost/helpdeskz/hdz/framework/Database/MySQLi/Connection.php(314): mysqli->query('SELECT *\nFROM `...')
#1 /Users/dodacdung/Sites/localhost/helpdeskz/hdz/framework/Database/BaseConnection.php(713): CodeIgniter\Database\MySQLi\Connection->execute('SELECT *\nFROM `...')
#2 /Users/dodacdung/Sites/localhost/helpdeskz/hdz/framework/Database/BaseConnection.php(641): CodeIgniter\Database\BaseConnection->simpleQuery('SELECT *\nFROM `...')
#3 /Users/dodacdung/Sites/localhost/helpdeskz/hdz/framework/Database/BaseBuilder.php(1866): CodeIgniter\Database\BaseConnection->query('SELECT *\nFROM `...', Array, false)
#4 /Users/dodacdung/Sites/localhost/helpdeskz/hdz/app/Libraries/Settings.php(20): CodeIgniter\Database\BaseBuilder->get()
#5 /Users/dodacdung/Sites/localhost/helpdeskz/hdz/app/Filters/UserAuth.php(22): App\Libraries\Settings->config('maintenance')
#6 /Users/dodacdung/Sites/localhost/helpdeskz/hdz/framework/Filters/Filters.php(181): App\Filters\UserAuth->before(Object(CodeIgniter\HTTP\IncomingRequest), NULL)
#7 /Users/dodacdung/Sites/localhost/helpdeskz/hdz/framework/CodeIgniter.php(403): CodeIgniter\Filters\Filters->run('/', 'before')
#8 /Users/dodacdung/Sites/localhost/helpdeskz/hdz/framework/CodeIgniter.php(333): CodeIgniter\CodeIgniter->handleRequest(NULL, Object(Config\Cache), false)
#9 /Users/dodacdung/Sites/localhost/helpdeskz/index.php(44): CodeIgniter\CodeIgniter->run()
#10 {main}
ERROR - 2022-05-22 18:26:45 --> mysqli_sql_exception: Table 'helpdesk.hdz_config' doesn't exist in /Users/dodacdung/Sites/localhost/helpdeskz/hdz/framework/Database/MySQLi/Connection.php:314
Stack trace:
#0 /Users/dodacdung/Sites/localhost/helpdeskz/hdz/framework/Database/MySQLi/Connection.php(314): mysqli->query('SELECT *\nFROM `...')
#1 /Users/dodacdung/Sites/localhost/helpdeskz/hdz/framework/Database/BaseConnection.php(713): CodeIgniter\Database\MySQLi\Connection->execute('SELECT *\nFROM `...')
#2 /Users/dodacdung/Sites/localhost/helpdeskz/hdz/framework/Database/BaseConnection.php(641): CodeIgniter\Database\BaseConnection->simpleQuery('SELECT *\nFROM `...')
#3 /Users/dodacdung/Sites/localhost/helpdeskz/hdz/framework/Database/BaseBuilder.php(1866): CodeIgniter\Database\BaseConnection->query('SELECT *\nFROM `...', Array, false)
#4 /Users/dodacdung/Sites/localhost/helpdeskz/hdz/app/Libraries/Settings.php(20): CodeIgniter\Database\BaseBuilder->get()
#5 /Users/dodacdung/Sites/localhost/helpdeskz/hdz/app/Filters/UserAuth.php(28): App\Libraries\Settings->config('timezone')
#6 /Users/dodacdung/Sites/localhost/helpdeskz/hdz/framework/Filters/Filters.php(181): App\Filters\UserAuth->before(Object(CodeIgniter\HTTP\IncomingRequest), NULL)
#7 /Users/dodacdung/Sites/localhost/helpdeskz/hdz/framework/CodeIgniter.php(403): CodeIgniter\Filters\Filters->run('/', 'before')
#8 /Users/dodacdung/Sites/localhost/helpdeskz/hdz/framework/CodeIgniter.php(333): CodeIgniter\CodeIgniter->handleRequest(NULL, Object(Config\Cache), false)
#9 /Users/dodacdung/Sites/localhost/helpdeskz/index.php(44): CodeIgniter\CodeIgniter->run()
#10 {main}
ERROR - 2022-05-22 18:26:45 --> mysqli_sql_exception: Table 'helpdesk.hdz_config' doesn't exist in /Users/dodacdung/Sites/localhost/helpdeskz/hdz/framework/Database/MySQLi/Connection.php:314
Stack trace:
#0 /Users/dodacdung/Sites/localhost/helpdeskz/hdz/framework/Database/MySQLi/Connection.php(314): mysqli->query('SELECT *\nFROM `...')
#1 /Users/dodacdung/Sites/localhost/helpdeskz/hdz/framework/Database/BaseConnection.php(713): CodeIgniter\Database\MySQLi\Connection->execute('SELECT *\nFROM `...')
#2 /Users/dodacdung/Sites/localhost/helpdeskz/hdz/framework/Database/BaseConnection.php(641): CodeIgniter\Database\BaseConnection->simpleQuery('SELECT *\nFROM `...')
#3 /Users/dodacdung/Sites/localhost/helpdeskz/hdz/framework/Database/BaseBuilder.php(1866): CodeIgniter\Database\BaseConnection->query('SELECT *\nFROM `...', Array, false)
#4 /Users/dodacdung/Sites/localhost/helpdeskz/hdz/app/Libraries/Settings.php(20): CodeIgniter\Database\BaseBuilder->get()
#5 /Users/dodacdung/Sites/localhost/helpdeskz/hdz/app/Controllers/BaseController.php(71): App\Libraries\Settings->config('maintenance')
#6 /Users/dodacdung/Sites/localhost/helpdeskz/hdz/framework/CodeIgniter.php(909): App\Controllers\BaseController->initController(Object(CodeIgniter\HTTP\IncomingRequest), Object(CodeIgniter\HTTP\Response), Object(CodeIgniter\Log\Logger))
#7 /Users/dodacdung/Sites/localhost/helpdeskz/hdz/framework/CodeIgniter.php(422): CodeIgniter\CodeIgniter->createController()
#8 /Users/dodacdung/Sites/localhost/helpdeskz/hdz/framework/CodeIgniter.php(333): CodeIgniter\CodeIgniter->handleRequest(NULL, Object(Config\Cache), false)
#9 /Users/dodacdung/Sites/localhost/helpdeskz/index.php(44): CodeIgniter\CodeIgniter->run()
#10 {main}
ERROR - 2022-05-22 18:26:45 --> mysqli_sql_exception: Table 'helpdesk.hdz_config' doesn't exist in /Users/dodacdung/Sites/localhost/helpdeskz/hdz/framework/Database/MySQLi/Connection.php:314
Stack trace:
#0 /Users/dodacdung/Sites/localhost/helpdeskz/hdz/framework/Database/MySQLi/Connection.php(314): mysqli->query('SELECT *\nFROM `...')
#1 /Users/dodacdung/Sites/localhost/helpdeskz/hdz/framework/Database/BaseConnection.php(713): CodeIgniter\Database\MySQLi\Connection->execute('SELECT *\nFROM `...')
#2 /Users/dodacdung/Sites/localhost/helpdeskz/hdz/framework/Database/BaseConnection.php(641): CodeIgniter\Database\BaseConnection->simpleQuery('SELECT *\nFROM `...')
#3 /Users/dodacdung/Sites/localhost/helpdeskz/hdz/framework/Database/BaseBuilder.php(1866): CodeIgniter\Database\BaseConnection->query('SELECT *\nFROM `...', Array, false)
#4 /Users/dodacdung/Sites/localhost/helpdeskz/hdz/app/Libraries/Settings.php(20): CodeIgniter\Database\BaseBuilder->get()
#5 /Users/dodacdung/Sites/localhost/helpdeskz/hdz/app/Helpers/helpdesk_helper.php(15): App\Libraries\Settings->config('windows_title')
#6 /Users/dodacdung/Sites/localhost/helpdeskz/hdz/app/Views/client/home.php(6): site_config('windows_title')
#7 /Users/dodacdung/Sites/localhost/helpdeskz/hdz/framework/View/View.php(220): include('/Users/dodacdun...')
#8 /Users/dodacdung/Sites/localhost/helpdeskz/hdz/framework/View/View.php(222): CodeIgniter\View\View->CodeIgniter\View\{closure}()
#9 /Users/dodacdung/Sites/localhost/helpdeskz/hdz/framework/Common.php(1217): CodeIgniter\View\View->render('client/home', Array, true)
#10 /Users/dodacdung/Sites/localhost/helpdeskz/hdz/app/Controllers/Kb.php(19): view('client/home', Array)
#11 /Users/dodacdung/Sites/localhost/helpdeskz/hdz/framework/CodeIgniter.php(936): App\Controllers\Kb->home()
#12 /Users/dodacdung/Sites/localhost/helpdeskz/hdz/framework/CodeIgniter.php(432): CodeIgniter\CodeIgniter->runController(Object(App\Controllers\Kb))
#13 /Users/dodacdung/Sites/localhost/helpdeskz/hdz/framework/CodeIgniter.php(333): CodeIgniter\CodeIgniter->handleRequest(NULL, Object(Config\Cache), false)
#14 /Users/dodacdung/Sites/localhost/helpdeskz/index.php(44): CodeIgniter\CodeIgniter->run()
#15 {main}
ERROR - 2022-05-22 18:26:45 --> mysqli_sql_exception: Table 'helpdesk.hdz_kb_category' doesn't exist in /Users/dodacdung/Sites/localhost/helpdeskz/hdz/framework/Database/MySQLi/Connection.php:314
Stack trace:
#0 /Users/dodacdung/Sites/localhost/helpdeskz/hdz/framework/Database/MySQLi/Connection.php(314): mysqli->query('SELECT *\nFROM `...')
#1 /Users/dodacdung/Sites/localhost/helpdeskz/hdz/framework/Database/BaseConnection.php(713): CodeIgniter\Database\MySQLi\Connection->execute('SELECT *\nFROM `...')
#2 /Users/dodacdung/Sites/localhost/helpdeskz/hdz/framework/Database/BaseConnection.php(641): CodeIgniter\Database\BaseConnection->simpleQuery('SELECT *\nFROM `...')
#3 /Users/dodacdung/Sites/localhost/helpdeskz/hdz/framework/Database/BaseBuilder.php(1866): CodeIgniter\Database\BaseConnection->query('SELECT *\nFROM `...', Array, false)
#4 /Users/dodacdung/Sites/localhost/helpdeskz/hdz/framework/Model.php(836): CodeIgniter\Database\BaseBuilder->get()
#5 /Users/dodacdung/Sites/localhost/helpdeskz/hdz/app/Libraries/Kb.php(73): CodeIgniter\Model->__call('get', Array)
#6 /Users/dodacdung/Sites/localhost/helpdeskz/hdz/app/Libraries/Kb.php(28): App\Libraries\Kb->publicCatList()
#7 /Users/dodacdung/Sites/localhost/helpdeskz/hdz/app/Config/Services.php(41): App\Libraries\Kb->__construct()
#8 /Users/dodacdung/Sites/localhost/helpdeskz/hdz/framework/Config/BaseService.php(100): Config\Services::kb(false)
#9 /Users/dodacdung/Sites/localhost/helpdeskz/hdz/app/Config/Services.php(39): CodeIgniter\Config\BaseService::getSharedInstance('kb')
#10 /Users/dodacdung/Sites/localhost/helpdeskz/hdz/app/Helpers/helpdesk_helper.php(94): Config\Services::kb()
#11 /Users/dodacdung/Sites/localhost/helpdeskz/hdz/app/Views/client/home.php(49): kb_categories(0)
#12 /Users/dodacdung/Sites/localhost/helpdeskz/hdz/framework/View/View.php(220): include('/Users/dodacdun...')
#13 /Users/dodacdung/Sites/localhost/helpdeskz/hdz/framework/View/View.php(222): CodeIgniter\View\View->CodeIgniter\View\{closure}()
#14 /Users/dodacdung/Sites/localhost/helpdeskz/hdz/framework/Common.php(1217): CodeIgniter\View\View->render('client/home', Array, true)
#15 /Users/dodacdung/Sites/localhost/helpdeskz/hdz/app/Controllers/Kb.php(19): view('client/home', Array)
#16 /Users/dodacdung/Sites/localhost/helpdeskz/hdz/framework/CodeIgniter.php(936): App\Controllers\Kb->home()
#17 /Users/dodacdung/Sites/localhost/helpdeskz/hdz/framework/CodeIgniter.php(432): CodeIgniter\CodeIgniter->runController(Object(App\Controllers\Kb))
#18 /Users/dodacdung/Sites/localhost/helpdeskz/hdz/framework/CodeIgniter.php(333): CodeIgniter\CodeIgniter->handleRequest(NULL, Object(Config\Cache), false)
#19 /Users/dodacdung/Sites/localhost/helpdeskz/index.php(44): CodeIgniter\CodeIgniter->run()
#20 {main}
CRITICAL - 2022-05-22 18:26:45 --> Attempt to read property "num_rows" on bool
#0 /Users/dodacdung/Sites/localhost/helpdeskz/hdz/app/Libraries/Kb.php(74): CodeIgniter\Debug\Exceptions->errorHandler(2, 'Attempt to read...', '/Users/dodacdun...', 74)
#1 /Users/dodacdung/Sites/localhost/helpdeskz/hdz/app/Libraries/Kb.php(28): App\Libraries\Kb->publicCatList()
#2 /Users/dodacdung/Sites/localhost/helpdeskz/hdz/app/Config/Services.php(41): App\Libraries\Kb->__construct()
#3 /Users/dodacdung/Sites/localhost/helpdeskz/hdz/framework/Config/BaseService.php(100): Config\Services::kb(false)
#4 /Users/dodacdung/Sites/localhost/helpdeskz/hdz/app/Config/Services.php(39): CodeIgniter\Config\BaseService::getSharedInstance('kb')
#5 /Users/dodacdung/Sites/localhost/helpdeskz/hdz/app/Helpers/helpdesk_helper.php(94): Config\Services::kb()
#6 /Users/dodacdung/Sites/localhost/helpdeskz/hdz/app/Views/client/home.php(49): kb_categories(0)
#7 /Users/dodacdung/Sites/localhost/helpdeskz/hdz/framework/View/View.php(220): include('/Users/dodacdun...')
#8 /Users/dodacdung/Sites/localhost/helpdeskz/hdz/framework/View/View.php(222): CodeIgniter\View\View->CodeIgniter\View\{closure}()
#9 /Users/dodacdung/Sites/localhost/helpdeskz/hdz/framework/Common.php(1217): CodeIgniter\View\View->render('client/home', Array, true)
#10 /Users/dodacdung/Sites/localhost/helpdeskz/hdz/app/Controllers/Kb.php(19): view('client/home', Array)
#11 /Users/dodacdung/Sites/localhost/helpdeskz/hdz/framework/CodeIgniter.php(936): App\Controllers\Kb->home()
#12 /Users/dodacdung/Sites/localhost/helpdeskz/hdz/framework/CodeIgniter.php(432): CodeIgniter\CodeIgniter->runController(Object(App\Controllers\Kb))
#13 /Users/dodacdung/Sites/localhost/helpdeskz/hdz/framework/CodeIgniter.php(333): CodeIgniter\CodeIgniter->handleRequest(NULL, Object(Config\Cache), false)
#14 /Users/dodacdung/Sites/localhost/helpdeskz/index.php(44): CodeIgniter\CodeIgniter->run()
#15 {main}
ERROR - 2022-05-22 18:27:02 --> mysqli_sql_exception: Table 'helpdesk.hdz_config' doesn't exist in /Users/dodacdung/Sites/localhost/helpdeskz/hdz/framework/Database/MySQLi/Connection.php:314
Stack trace:
#0 /Users/dodacdung/Sites/localhost/helpdeskz/hdz/framework/Database/MySQLi/Connection.php(314): mysqli->query('SELECT *\nFROM `...')
#1 /Users/dodacdung/Sites/localhost/helpdeskz/hdz/framework/Database/BaseConnection.php(713): CodeIgniter\Database\MySQLi\Connection->execute('SELECT *\nFROM `...')
#2 /Users/dodacdung/Sites/localhost/helpdeskz/hdz/framework/Database/BaseConnection.php(641): CodeIgniter\Database\BaseConnection->simpleQuery('SELECT *\nFROM `...')
#3 /Users/dodacdung/Sites/localhost/helpdeskz/hdz/framework/Database/BaseBuilder.php(1866): CodeIgniter\Database\BaseConnection->query('SELECT *\nFROM `...', Array, false)
#4 /Users/dodacdung/Sites/localhost/helpdeskz/hdz/app/Libraries/Settings.php(20): CodeIgniter\Database\BaseBuilder->get()
#5 /Users/dodacdung/Sites/localhost/helpdeskz/hdz/app/Controllers/BaseController.php(71): App\Libraries\Settings->config('maintenance')
#6 /Users/dodacdung/Sites/localhost/helpdeskz/hdz/framework/CodeIgniter.php(909): App\Controllers\BaseController->initController(Object(CodeIgniter\HTTP\IncomingRequest), Object(CodeIgniter\HTTP\Response), Object(CodeIgniter\Log\Logger))
#7 /Users/dodacdung/Sites/localhost/helpdeskz/hdz/framework/CodeIgniter.php(969): CodeIgniter\CodeIgniter->createController()
#8 /Users/dodacdung/Sites/localhost/helpdeskz/hdz/framework/CodeIgniter.php(349): CodeIgniter\CodeIgniter->display404errors(Object(CodeIgniter\Exceptions\PageNotFoundException))
#9 /Users/dodacdung/Sites/localhost/helpdeskz/index.php(44): CodeIgniter\CodeIgniter->run()
#10 {main}
ERROR - 2022-05-22 18:27:02 --> mysqli_sql_exception: Table 'helpdesk.hdz_kb_category' doesn't exist in /Users/dodacdung/Sites/localhost/helpdeskz/hdz/framework/Database/MySQLi/Connection.php:314
Stack trace:
#0 /Users/dodacdung/Sites/localhost/helpdeskz/hdz/framework/Database/MySQLi/Connection.php(314): mysqli->query('SELECT *\nFROM `...')
#1 /Users/dodacdung/Sites/localhost/helpdeskz/hdz/framework/Database/BaseConnection.php(713): CodeIgniter\Database\MySQLi\Connection->execute('SELECT *\nFROM `...')
#2 /Users/dodacdung/Sites/localhost/helpdeskz/hdz/framework/Database/BaseConnection.php(641): CodeIgniter\Database\BaseConnection->simpleQuery('SELECT *\nFROM `...')
#3 /Users/dodacdung/Sites/localhost/helpdeskz/hdz/framework/Database/BaseBuilder.php(1866): CodeIgniter\Database\BaseConnection->query('SELECT *\nFROM `...', Array, false)
#4 /Users/dodacdung/Sites/localhost/helpdeskz/hdz/framework/Model.php(836): CodeIgniter\Database\BaseBuilder->get()
#5 /Users/dodacdung/Sites/localhost/helpdeskz/hdz/app/Libraries/Kb.php(73): CodeIgniter\Model->__call('get', Array)
#6 /Users/dodacdung/Sites/localhost/helpdeskz/hdz/app/Libraries/Kb.php(28): App\Libraries\Kb->publicCatList()
#7 /Users/dodacdung/Sites/localhost/helpdeskz/hdz/app/Config/Services.php(41): App\Libraries\Kb->__construct()
#8 /Users/dodacdung/Sites/localhost/helpdeskz/hdz/framework/Config/BaseService.php(100): Config\Services::kb(false)
#9 /Users/dodacdung/Sites/localhost/helpdeskz/hdz/app/Config/Services.php(39): CodeIgniter\Config\BaseService::getSharedInstance('kb')
#10 /Users/dodacdung/Sites/localhost/helpdeskz/hdz/app/Helpers/helpdesk_helper.php(123): Config\Services::kb()
#11 /Users/dodacdung/Sites/localhost/helpdeskz/hdz/app/Views/client/page_template.php(39): kb_popular()
#12 /Users/dodacdung/Sites/localhost/helpdeskz/hdz/framework/View/View.php(220): include('/Users/dodacdun...')
#13 /Users/dodacdung/Sites/localhost/helpdeskz/hdz/framework/View/View.php(222): CodeIgniter\View\View->CodeIgniter\View\{closure}()
#14 /Users/dodacdung/Sites/localhost/helpdeskz/hdz/framework/View/View.php(236): CodeIgniter\View\View->render('client/page_tem...', Array, true)
#15 /Users/dodacdung/Sites/localhost/helpdeskz/hdz/framework/Common.php(1217): CodeIgniter\View\View->render('client/error', Array, true)
#16 /Users/dodacdung/Sites/localhost/helpdeskz/hdz/app/Controllers/Kb.php(12): view('client/error', Array)
#17 /Users/dodacdung/Sites/localhost/helpdeskz/hdz/framework/CodeIgniter.php(936): App\Controllers\Kb->error404('js', 'vendor-all.min....')
#18 /Users/dodacdung/Sites/localhost/helpdeskz/hdz/framework/CodeIgniter.php(970): CodeIgniter\CodeIgniter->runController(Object(App\Controllers\Kb))
#19 /Users/dodacdung/Sites/localhost/helpdeskz/hdz/framework/CodeIgniter.php(349): CodeIgniter\CodeIgniter->display404errors(Object(CodeIgniter\Exceptions\PageNotFoundException))
#20 /Users/dodacdung/Sites/localhost/helpdeskz/index.php(44): CodeIgniter\CodeIgniter->run()
#21 {main}
CRITICAL - 2022-05-22 18:27:02 --> Attempt to read property "num_rows" on bool
#0 /Users/dodacdung/Sites/localhost/helpdeskz/hdz/app/Libraries/Kb.php(74): CodeIgniter\Debug\Exceptions->errorHandler(2, 'Attempt to read...', '/Users/dodacdun...', 74)
#1 /Users/dodacdung/Sites/localhost/helpdeskz/hdz/app/Libraries/Kb.php(28): App\Libraries\Kb->publicCatList()
#2 /Users/dodacdung/Sites/localhost/helpdeskz/hdz/app/Config/Services.php(41): App\Libraries\Kb->__construct()
#3 /Users/dodacdung/Sites/localhost/helpdeskz/hdz/framework/Config/BaseService.php(100): Config\Services::kb(false)
#4 /Users/dodacdung/Sites/localhost/helpdeskz/hdz/app/Config/Services.php(39): CodeIgniter\Config\BaseService::getSharedInstance('kb')
#5 /Users/dodacdung/Sites/localhost/helpdeskz/hdz/app/Helpers/helpdesk_helper.php(123): Config\Services::kb()
#6 /Users/dodacdung/Sites/localhost/helpdeskz/hdz/app/Views/client/page_template.php(39): kb_popular()
#7 /Users/dodacdung/Sites/localhost/helpdeskz/hdz/framework/View/View.php(220): include('/Users/dodacdun...')
#8 /Users/dodacdung/Sites/localhost/helpdeskz/hdz/framework/View/View.php(222): CodeIgniter\View\View->CodeIgniter\View\{closure}()
#9 /Users/dodacdung/Sites/localhost/helpdeskz/hdz/framework/View/View.php(236): CodeIgniter\View\View->render('client/page_tem...', Array, true)
#10 /Users/dodacdung/Sites/localhost/helpdeskz/hdz/framework/Common.php(1217): CodeIgniter\View\View->render('client/error', Array, true)
#11 /Users/dodacdung/Sites/localhost/helpdeskz/hdz/app/Controllers/Kb.php(12): view('client/error', Array)
#12 /Users/dodacdung/Sites/localhost/helpdeskz/hdz/framework/CodeIgniter.php(936): App\Controllers\Kb->error404('js', 'vendor-all.min....')
#13 /Users/dodacdung/Sites/localhost/helpdeskz/hdz/framework/CodeIgniter.php(970): CodeIgniter\CodeIgniter->runController(Object(App\Controllers\Kb))
#14 /Users/dodacdung/Sites/localhost/helpdeskz/hdz/framework/CodeIgniter.php(349): CodeIgniter\CodeIgniter->display404errors(Object(CodeIgniter\Exceptions\PageNotFoundException))
#15 /Users/dodacdung/Sites/localhost/helpdeskz/index.php(44): CodeIgniter\CodeIgniter->run()
#16 {main}
ERROR - 2022-05-22 18:27:02 --> mysqli_sql_exception: Table 'helpdesk.hdz_config' doesn't exist in /Users/dodacdung/Sites/localhost/helpdeskz/hdz/framework/Database/MySQLi/Connection.php:314
Stack trace:
#0 /Users/dodacdung/Sites/localhost/helpdeskz/hdz/framework/Database/MySQLi/Connection.php(314): mysqli->query('SELECT *\nFROM `...')
#1 /Users/dodacdung/Sites/localhost/helpdeskz/hdz/framework/Database/BaseConnection.php(713): CodeIgniter\Database\MySQLi\Connection->execute('SELECT *\nFROM `...')
#2 /Users/dodacdung/Sites/localhost/helpdeskz/hdz/framework/Database/BaseConnection.php(641): CodeIgniter\Database\BaseConnection->simpleQuery('SELECT *\nFROM `...')
#3 /Users/dodacdung/Sites/localhost/helpdeskz/hdz/framework/Database/BaseBuilder.php(1866): CodeIgniter\Database\BaseConnection->query('SELECT *\nFROM `...', Array, false)
#4 /Users/dodacdung/Sites/localhost/helpdeskz/hdz/app/Libraries/Settings.php(20): CodeIgniter\Database\BaseBuilder->get()
#5 /Users/dodacdung/Sites/localhost/helpdeskz/hdz/app/Controllers/BaseController.php(71): App\Libraries\Settings->config('maintenance')
#6 /Users/dodacdung/Sites/localhost/helpdeskz/hdz/framework/CodeIgniter.php(909): App\Controllers\BaseController->initController(Object(CodeIgniter\HTTP\IncomingRequest), Object(CodeIgniter\HTTP\Response), Object(CodeIgniter\Log\Logger))
#7 /Users/dodacdung/Sites/localhost/helpdeskz/hdz/framework/CodeIgniter.php(969): CodeIgniter\CodeIgniter->createController()
#8 /Users/dodacdung/Sites/localhost/helpdeskz/hdz/framework/CodeIgniter.php(349): CodeIgniter\CodeIgniter->display404errors(Object(CodeIgniter\Exceptions\PageNotFoundException))
#9 /Users/dodacdung/Sites/localhost/helpdeskz/index.php(44): CodeIgniter\CodeIgniter->run()
#10 {main}
ERROR - 2022-05-22 18:27:02 --> mysqli_sql_exception: Table 'helpdesk.hdz_kb_category' doesn't exist in /Users/dodacdung/Sites/localhost/helpdeskz/hdz/framework/Database/MySQLi/Connection.php:314
Stack trace:
#0 /Users/dodacdung/Sites/localhost/helpdeskz/hdz/framework/Database/MySQLi/Connection.php(314): mysqli->query('SELECT *\nFROM `...')
#1 /Users/dodacdung/Sites/localhost/helpdeskz/hdz/framework/Database/BaseConnection.php(713): CodeIgniter\Database\MySQLi\Connection->execute('SELECT *\nFROM `...')
#2 /Users/dodacdung/Sites/localhost/helpdeskz/hdz/framework/Database/BaseConnection.php(641): CodeIgniter\Database\BaseConnection->simpleQuery('SELECT *\nFROM `...')
#3 /Users/dodacdung/Sites/localhost/helpdeskz/hdz/framework/Database/BaseBuilder.php(1866): CodeIgniter\Database\BaseConnection->query('SELECT *\nFROM `...', Array, false)
#4 /Users/dodacdung/Sites/localhost/helpdeskz/hdz/framework/Model.php(836): CodeIgniter\Database\BaseBuilder->get()
#5 /Users/dodacdung/Sites/localhost/helpdeskz/hdz/app/Libraries/Kb.php(73): CodeIgniter\Model->__call('get', Array)
#6 /Users/dodacdung/Sites/localhost/helpdeskz/hdz/app/Libraries/Kb.php(28): App\Libraries\Kb->publicCatList()
#7 /Users/dodacdung/Sites/localhost/helpdeskz/hdz/app/Config/Services.php(41): App\Libraries\Kb->__construct()
#8 /Users/dodacdung/Sites/localhost/helpdeskz/hdz/framework/Config/BaseService.php(100): Config\Services::kb(false)
#9 /Users/dodacdung/Sites/localhost/helpdeskz/hdz/app/Config/Services.php(39): CodeIgniter\Config\BaseService::getSharedInstance('kb')
#10 /Users/dodacdung/Sites/localhost/helpdeskz/hdz/app/Helpers/helpdesk_helper.php(123): Config\Services::kb()
#11 /Users/dodacdung/Sites/localhost/helpdeskz/hdz/app/Views/client/page_template.php(39): kb_popular()
#12 /Users/dodacdung/Sites/localhost/helpdeskz/hdz/framework/View/View.php(220): include('/Users/dodacdun...')
#13 /Users/dodacdung/Sites/localhost/helpdeskz/hdz/framework/View/View.php(222): CodeIgniter\View\View->CodeIgniter\View\{closure}()
#14 /Users/dodacdung/Sites/localhost/helpdeskz/hdz/framework/View/View.php(236): CodeIgniter\View\View->render('client/page_tem...', Array, true)
#15 /Users/dodacdung/Sites/localhost/helpdeskz/hdz/framework/Common.php(1217): CodeIgniter\View\View->render('client/error', Array, true)
#16 /Users/dodacdung/Sites/localhost/helpdeskz/hdz/app/Controllers/Kb.php(12): view('client/error', Array)
#17 /Users/dodacdung/Sites/localhost/helpdeskz/hdz/framework/CodeIgniter.php(936): App\Controllers\Kb->error404('plugins', 'bootstrap', 'js', 'bootstrap.min.j...')
#18 /Users/dodacdung/Sites/localhost/helpdeskz/hdz/framework/CodeIgniter.php(970): CodeIgniter\CodeIgniter->runController(Object(App\Controllers\Kb))
#19 /Users/dodacdung/Sites/localhost/helpdeskz/hdz/framework/CodeIgniter.php(349): CodeIgniter\CodeIgniter->display404errors(Object(CodeIgniter\Exceptions\PageNotFoundException))
#20 /Users/dodacdung/Sites/localhost/helpdeskz/index.php(44): CodeIgniter\CodeIgniter->run()
#21 {main}
CRITICAL - 2022-05-22 18:27:02 --> Attempt to read property "num_rows" on bool
#0 /Users/dodacdung/Sites/localhost/helpdeskz/hdz/app/Libraries/Kb.php(74): CodeIgniter\Debug\Exceptions->errorHandler(2, 'Attempt to read...', '/Users/dodacdun...', 74)
#1 /Users/dodacdung/Sites/localhost/helpdeskz/hdz/app/Libraries/Kb.php(28): App\Libraries\Kb->publicCatList()
#2 /Users/dodacdung/Sites/localhost/helpdeskz/hdz/app/Config/Services.php(41): App\Libraries\Kb->__construct()
#3 /Users/dodacdung/Sites/localhost/helpdeskz/hdz/framework/Config/BaseService.php(100): Config\Services::kb(false)
#4 /Users/dodacdung/Sites/localhost/helpdeskz/hdz/app/Config/Services.php(39): CodeIgniter\Config\BaseService::getSharedInstance('kb')
#5 /Users/dodacdung/Sites/localhost/helpdeskz/hdz/app/Helpers/helpdesk_helper.php(123): Config\Services::kb()
#6 /Users/dodacdung/Sites/localhost/helpdeskz/hdz/app/Views/client/page_template.php(39): kb_popular()
#7 /Users/dodacdung/Sites/localhost/helpdeskz/hdz/framework/View/View.php(220): include('/Users/dodacdun...')
#8 /Users/dodacdung/Sites/localhost/helpdeskz/hdz/framework/View/View.php(222): CodeIgniter\View\View->CodeIgniter\View\{closure}()
#9 /Users/dodacdung/Sites/localhost/helpdeskz/hdz/framework/View/View.php(236): CodeIgniter\View\View->render('client/page_tem...', Array, true)
#10 /Users/dodacdung/Sites/localhost/helpdeskz/hdz/framework/Common.php(1217): CodeIgniter\View\View->render('client/error', Array, true)
#11 /Users/dodacdung/Sites/localhost/helpdeskz/hdz/app/Controllers/Kb.php(12): view('client/error', Array)
#12 /Users/dodacdung/Sites/localhost/helpdeskz/hdz/framework/CodeIgniter.php(936): App\Controllers\Kb->error404('plugins', 'bootstrap', 'js', 'bootstrap.min.j...')
#13 /Users/dodacdung/Sites/localhost/helpdeskz/hdz/framework/CodeIgniter.php(970): CodeIgniter\CodeIgniter->runController(Object(App\Controllers\Kb))
#14 /Users/dodacdung/Sites/localhost/helpdeskz/hdz/framework/CodeIgniter.php(349): CodeIgniter\CodeIgniter->display404errors(Object(CodeIgniter\Exceptions\PageNotFoundException))
#15 /Users/dodacdung/Sites/localhost/helpdeskz/index.php(44): CodeIgniter\CodeIgniter->run()
#16 {main}
ERROR - 2022-05-22 18:27:10 --> mysqli_sql_exception: Table 'helpdesk.hdz_config' doesn't exist in /Users/dodacdung/Sites/localhost/helpdeskz/hdz/framework/Database/MySQLi/Connection.php:314
Stack trace:
#0 /Users/dodacdung/Sites/localhost/helpdeskz/hdz/framework/Database/MySQLi/Connection.php(314): mysqli->query('SELECT *\nFROM `...')
#1 /Users/dodacdung/Sites/localhost/helpdeskz/hdz/framework/Database/BaseConnection.php(713): CodeIgniter\Database\MySQLi\Connection->execute('SELECT *\nFROM `...')
#2 /Users/dodacdung/Sites/localhost/helpdeskz/hdz/framework/Database/BaseConnection.php(641): CodeIgniter\Database\BaseConnection->simpleQuery('SELECT *\nFROM `...')
#3 /Users/dodacdung/Sites/localhost/helpdeskz/hdz/framework/Database/BaseBuilder.php(1866): CodeIgniter\Database\BaseConnection->query('SELECT *\nFROM `...', Array, false)
#4 /Users/dodacdung/Sites/localhost/helpdeskz/hdz/app/Libraries/Settings.php(20): CodeIgniter\Database\BaseBuilder->get()
#5 /Users/dodacdung/Sites/localhost/helpdeskz/hdz/app/Controllers/BaseController.php(71): App\Libraries\Settings->config('maintenance')
#6 /Users/dodacdung/Sites/localhost/helpdeskz/hdz/framework/CodeIgniter.php(909): App\Controllers\BaseController->initController(Object(CodeIgniter\HTTP\IncomingRequest), Object(CodeIgniter\HTTP\Response), Object(CodeIgniter\Log\Logger))
#7 /Users/dodacdung/Sites/localhost/helpdeskz/hdz/framework/CodeIgniter.php(969): CodeIgniter\CodeIgniter->createController()
#8 /Users/dodacdung/Sites/localhost/helpdeskz/hdz/framework/CodeIgniter.php(349): CodeIgniter\CodeIgniter->display404errors(Object(CodeIgniter\Exceptions\PageNotFoundException))
#9 /Users/dodacdung/Sites/localhost/helpdeskz/index.php(44): CodeIgniter\CodeIgniter->run()
#10 {main}
ERROR - 2022-05-22 18:27:10 --> mysqli_sql_exception: Table 'helpdesk.hdz_kb_category' doesn't exist in /Users/dodacdung/Sites/localhost/helpdeskz/hdz/framework/Database/MySQLi/Connection.php:314
Stack trace:
#0 /Users/dodacdung/Sites/localhost/helpdeskz/hdz/framework/Database/MySQLi/Connection.php(314): mysqli->query('SELECT *\nFROM `...')
#1 /Users/dodacdung/Sites/localhost/helpdeskz/hdz/framework/Database/BaseConnection.php(713): CodeIgniter\Database\MySQLi\Connection->execute('SELECT *\nFROM `...')
#2 /Users/dodacdung/Sites/localhost/helpdeskz/hdz/framework/Database/BaseConnection.php(641): CodeIgniter\Database\BaseConnection->simpleQuery('SELECT *\nFROM `...')
#3 /Users/dodacdung/Sites/localhost/helpdeskz/hdz/framework/Database/BaseBuilder.php(1866): CodeIgniter\Database\BaseConnection->query('SELECT *\nFROM `...', Array, false)
#4 /Users/dodacdung/Sites/localhost/helpdeskz/hdz/framework/Model.php(836): CodeIgniter\Database\BaseBuilder->get()
#5 /Users/dodacdung/Sites/localhost/helpdeskz/hdz/app/Libraries/Kb.php(73): CodeIgniter\Model->__call('get', Array)
#6 /Users/dodacdung/Sites/localhost/helpdeskz/hdz/app/Libraries/Kb.php(28): App\Libraries\Kb->publicCatList()
#7 /Users/dodacdung/Sites/localhost/helpdeskz/hdz/app/Config/Services.php(41): App\Libraries\Kb->__construct()
#8 /Users/dodacdung/Sites/localhost/helpdeskz/hdz/framework/Config/BaseService.php(100): Config\Services::kb(false)
#9 /Users/dodacdung/Sites/localhost/helpdeskz/hdz/app/Config/Services.php(39): CodeIgniter\Config\BaseService::getSharedInstance('kb')
#10 /Users/dodacdung/Sites/localhost/helpdeskz/hdz/app/Helpers/helpdesk_helper.php(123): Config\Services::kb()
#11 /Users/dodacdung/Sites/localhost/helpdeskz/hdz/app/Views/client/page_template.php(39): kb_popular()
#12 /Users/dodacdung/Sites/localhost/helpdeskz/hdz/framework/View/View.php(220): include('/Users/dodacdun...')
#13 /Users/dodacdung/Sites/localhost/helpdeskz/hdz/framework/View/View.php(222): CodeIgniter\View\View->CodeIgniter\View\{closure}()
#14 /Users/dodacdung/Sites/localhost/helpdeskz/hdz/framework/View/View.php(236): CodeIgniter\View\View->render('client/page_tem...', Array, true)
#15 /Users/dodacdung/Sites/localhost/helpdeskz/hdz/framework/Common.php(1217): CodeIgniter\View\View->render('client/error', Array, true)
#16 /Users/dodacdung/Sites/localhost/helpdeskz/hdz/app/Controllers/Kb.php(12): view('client/error', Array)
#17 /Users/dodacdung/Sites/localhost/helpdeskz/hdz/framework/CodeIgniter.php(936): App\Controllers\Kb->error404('plugins', 'bootstrap', 'js', 'bootstrap.min.j...')
#18 /Users/dodacdung/Sites/localhost/helpdeskz/hdz/framework/CodeIgniter.php(970): CodeIgniter\CodeIgniter->runController(Object(App\Controllers\Kb))
#19 /Users/dodacdung/Sites/localhost/helpdeskz/hdz/framework/CodeIgniter.php(349): CodeIgniter\CodeIgniter->display404errors(Object(CodeIgniter\Exceptions\PageNotFoundException))
#20 /Users/dodacdung/Sites/localhost/helpdeskz/index.php(44): CodeIgniter\CodeIgniter->run()
#21 {main}
CRITICAL - 2022-05-22 18:27:10 --> Attempt to read property "num_rows" on bool
#0 /Users/dodacdung/Sites/localhost/helpdeskz/hdz/app/Libraries/Kb.php(74): CodeIgniter\Debug\Exceptions->errorHandler(2, 'Attempt to read...', '/Users/dodacdun...', 74)
#1 /Users/dodacdung/Sites/localhost/helpdeskz/hdz/app/Libraries/Kb.php(28): App\Libraries\Kb->publicCatList()
#2 /Users/dodacdung/Sites/localhost/helpdeskz/hdz/app/Config/Services.php(41): App\Libraries\Kb->__construct()
#3 /Users/dodacdung/Sites/localhost/helpdeskz/hdz/framework/Config/BaseService.php(100): Config\Services::kb(false)
#4 /Users/dodacdung/Sites/localhost/helpdeskz/hdz/app/Config/Services.php(39): CodeIgniter\Config\BaseService::getSharedInstance('kb')
#5 /Users/dodacdung/Sites/localhost/helpdeskz/hdz/app/Helpers/helpdesk_helper.php(123): Config\Services::kb()
#6 /Users/dodacdung/Sites/localhost/helpdeskz/hdz/app/Views/client/page_template.php(39): kb_popular()
#7 /Users/dodacdung/Sites/localhost/helpdeskz/hdz/framework/View/View.php(220): include('/Users/dodacdun...')
#8 /Users/dodacdung/Sites/localhost/helpdeskz/hdz/framework/View/View.php(222): CodeIgniter\View\View->CodeIgniter\View\{closure}()
#9 /Users/dodacdung/Sites/localhost/helpdeskz/hdz/framework/View/View.php(236): CodeIgniter\View\View->render('client/page_tem...', Array, true)
#10 /Users/dodacdung/Sites/localhost/helpdeskz/hdz/framework/Common.php(1217): CodeIgniter\View\View->render('client/error', Array, true)
#11 /Users/dodacdung/Sites/localhost/helpdeskz/hdz/app/Controllers/Kb.php(12): view('client/error', Array)
#12 /Users/dodacdung/Sites/localhost/helpdeskz/hdz/framework/CodeIgniter.php(936): App\Controllers\Kb->error404('plugins', 'bootstrap', 'js', 'bootstrap.min.j...')
#13 /Users/dodacdung/Sites/localhost/helpdeskz/hdz/framework/CodeIgniter.php(970): CodeIgniter\CodeIgniter->runController(Object(App\Controllers\Kb))
#14 /Users/dodacdung/Sites/localhost/helpdeskz/hdz/framework/CodeIgniter.php(349): CodeIgniter\CodeIgniter->display404errors(Object(CodeIgniter\Exceptions\PageNotFoundException))
#15 /Users/dodacdung/Sites/localhost/helpdeskz/index.php(44): CodeIgniter\CodeIgniter->run()
#16 {main}
ERROR - 2022-05-22 18:27:10 --> mysqli_sql_exception: Table 'helpdesk.hdz_config' doesn't exist in /Users/dodacdung/Sites/localhost/helpdeskz/hdz/framework/Database/MySQLi/Connection.php:314
Stack trace:
#0 /Users/dodacdung/Sites/localhost/helpdeskz/hdz/framework/Database/MySQLi/Connection.php(314): mysqli->query('SELECT *\nFROM `...')
#1 /Users/dodacdung/Sites/localhost/helpdeskz/hdz/framework/Database/BaseConnection.php(713): CodeIgniter\Database\MySQLi\Connection->execute('SELECT *\nFROM `...')
#2 /Users/dodacdung/Sites/localhost/helpdeskz/hdz/framework/Database/BaseConnection.php(641): CodeIgniter\Database\BaseConnection->simpleQuery('SELECT *\nFROM `...')
#3 /Users/dodacdung/Sites/localhost/helpdeskz/hdz/framework/Database/BaseBuilder.php(1866): CodeIgniter\Database\BaseConnection->query('SELECT *\nFROM `...', Array, false)
#4 /Users/dodacdung/Sites/localhost/helpdeskz/hdz/app/Libraries/Settings.php(20): CodeIgniter\Database\BaseBuilder->get()
#5 /Users/dodacdung/Sites/localhost/helpdeskz/hdz/app/Controllers/BaseController.php(71): App\Libraries\Settings->config('maintenance')
#6 /Users/dodacdung/Sites/localhost/helpdeskz/hdz/framework/CodeIgniter.php(909): App\Controllers\BaseController->initController(Object(CodeIgniter\HTTP\IncomingRequest), Object(CodeIgniter\HTTP\Response), Object(CodeIgniter\Log\Logger))
#7 /Users/dodacdung/Sites/localhost/helpdeskz/hdz/framework/CodeIgniter.php(969): CodeIgniter\CodeIgniter->createController()
#8 /Users/dodacdung/Sites/localhost/helpdeskz/hdz/framework/CodeIgniter.php(349): CodeIgniter\CodeIgniter->display404errors(Object(CodeIgniter\Exceptions\PageNotFoundException))
#9 /Users/dodacdung/Sites/localhost/helpdeskz/index.php(44): CodeIgniter\CodeIgniter->run()
#10 {main}
ERROR - 2022-05-22 18:27:10 --> mysqli_sql_exception: Table 'helpdesk.hdz_kb_category' doesn't exist in /Users/dodacdung/Sites/localhost/helpdeskz/hdz/framework/Database/MySQLi/Connection.php:314
Stack trace:
#0 /Users/dodacdung/Sites/localhost/helpdeskz/hdz/framework/Database/MySQLi/Connection.php(314): mysqli->query('SELECT *\nFROM `...')
#1 /Users/dodacdung/Sites/localhost/helpdeskz/hdz/framework/Database/BaseConnection.php(713): CodeIgniter\Database\MySQLi\Connection->execute('SELECT *\nFROM `...')
#2 /Users/dodacdung/Sites/localhost/helpdeskz/hdz/framework/Database/BaseConnection.php(641): CodeIgniter\Database\BaseConnection->simpleQuery('SELECT *\nFROM `...')
#3 /Users/dodacdung/Sites/localhost/helpdeskz/hdz/framework/Database/BaseBuilder.php(1866): CodeIgniter\Database\BaseConnection->query('SELECT *\nFROM `...', Array, false)
#4 /Users/dodacdung/Sites/localhost/helpdeskz/hdz/framework/Model.php(836): CodeIgniter\Database\BaseBuilder->get()
#5 /Users/dodacdung/Sites/localhost/helpdeskz/hdz/app/Libraries/Kb.php(73): CodeIgniter\Model->__call('get', Array)
#6 /Users/dodacdung/Sites/localhost/helpdeskz/hdz/app/Libraries/Kb.php(28): App\Libraries\Kb->publicCatList()
#7 /Users/dodacdung/Sites/localhost/helpdeskz/hdz/app/Config/Services.php(41): App\Libraries\Kb->__construct()
#8 /Users/dodacdung/Sites/localhost/helpdeskz/hdz/framework/Config/BaseService.php(100): Config\Services::kb(false)
#9 /Users/dodacdung/Sites/localhost/helpdeskz/hdz/app/Config/Services.php(39): CodeIgniter\Config\BaseService::getSharedInstance('kb')
#10 /Users/dodacdung/Sites/localhost/helpdeskz/hdz/app/Helpers/helpdesk_helper.php(123): Config\Services::kb()
#11 /Users/dodacdung/Sites/localhost/helpdeskz/hdz/app/Views/client/page_template.php(39): kb_popular()
#12 /Users/dodacdung/Sites/localhost/helpdeskz/hdz/framework/View/View.php(220): include('/Users/dodacdun...')
#13 /Users/dodacdung/Sites/localhost/helpdeskz/hdz/framework/View/View.php(222): CodeIgniter\View\View->CodeIgniter\View\{closure}()
#14 /Users/dodacdung/Sites/localhost/helpdeskz/hdz/framework/View/View.php(236): CodeIgniter\View\View->render('client/page_tem...', Array, true)
#15 /Users/dodacdung/Sites/localhost/helpdeskz/hdz/framework/Common.php(1217): CodeIgniter\View\View->render('client/error', Array, true)
#16 /Users/dodacdung/Sites/localhost/helpdeskz/hdz/app/Controllers/Kb.php(12): view('client/error', Array)
#17 /Users/dodacdung/Sites/localhost/helpdeskz/hdz/framework/CodeIgniter.php(936): App\Controllers\Kb->error404('js', 'vendor-all.min....')
#18 /Users/dodacdung/Sites/localhost/helpdeskz/hdz/framework/CodeIgniter.php(970): CodeIgniter\CodeIgniter->runController(Object(App\Controllers\Kb))
#19 /Users/dodacdung/Sites/localhost/helpdeskz/hdz/framework/CodeIgniter.php(349): CodeIgniter\CodeIgniter->display404errors(Object(CodeIgniter\Exceptions\PageNotFoundException))
#20 /Users/dodacdung/Sites/localhost/helpdeskz/index.php(44): CodeIgniter\CodeIgniter->run()
#21 {main}
CRITICAL - 2022-05-22 18:27:10 --> Attempt to read property "num_rows" on bool
#0 /Users/dodacdung/Sites/localhost/helpdeskz/hdz/app/Libraries/Kb.php(74): CodeIgniter\Debug\Exceptions->errorHandler(2, 'Attempt to read...', '/Users/dodacdun...', 74)
#1 /Users/dodacdung/Sites/localhost/helpdeskz/hdz/app/Libraries/Kb.php(28): App\Libraries\Kb->publicCatList()
#2 /Users/dodacdung/Sites/localhost/helpdeskz/hdz/app/Config/Services.php(41): App\Libraries\Kb->__construct()
#3 /Users/dodacdung/Sites/localhost/helpdeskz/hdz/framework/Config/BaseService.php(100): Config\Services::kb(false)
#4 /Users/dodacdung/Sites/localhost/helpdeskz/hdz/app/Config/Services.php(39): CodeIgniter\Config\BaseService::getSharedInstance('kb')
#5 /Users/dodacdung/Sites/localhost/helpdeskz/hdz/app/Helpers/helpdesk_helper.php(123): Config\Services::kb()
#6 /Users/dodacdung/Sites/localhost/helpdeskz/hdz/app/Views/client/page_template.php(39): kb_popular()
#7 /Users/dodacdung/Sites/localhost/helpdeskz/hdz/framework/View/View.php(220): include('/Users/dodacdun...')
#8 /Users/dodacdung/Sites/localhost/helpdeskz/hdz/framework/View/View.php(222): CodeIgniter\View\View->CodeIgniter\View\{closure}()
#9 /Users/dodacdung/Sites/localhost/helpdeskz/hdz/framework/View/View.php(236): CodeIgniter\View\View->render('client/page_tem...', Array, true)
#10 /Users/dodacdung/Sites/localhost/helpdeskz/hdz/framework/Common.php(1217): CodeIgniter\View\View->render('client/error', Array, true)
#11 /Users/dodacdung/Sites/localhost/helpdeskz/hdz/app/Controllers/Kb.php(12): view('client/error', Array)
#12 /Users/dodacdung/Sites/localhost/helpdeskz/hdz/framework/CodeIgniter.php(936): App\Controllers\Kb->error404('js', 'vendor-all.min....')
#13 /Users/dodacdung/Sites/localhost/helpdeskz/hdz/framework/CodeIgniter.php(970): CodeIgniter\CodeIgniter->runController(Object(App\Controllers\Kb))
#14 /Users/dodacdung/Sites/localhost/helpdeskz/hdz/framework/CodeIgniter.php(349): CodeIgniter\CodeIgniter->display404errors(Object(CodeIgniter\Exceptions\PageNotFoundException))
#15 /Users/dodacdung/Sites/localhost/helpdeskz/index.php(44): CodeIgniter\CodeIgniter->run()
#16 {main}
ERROR - 2022-05-22 18:27:12 --> mysqli_sql_exception: Table 'helpdesk.hdz_config' doesn't exist in /Users/dodacdung/Sites/localhost/helpdeskz/hdz/framework/Database/MySQLi/Connection.php:314
Stack trace:
#0 /Users/dodacdung/Sites/localhost/helpdeskz/hdz/framework/Database/MySQLi/Connection.php(314): mysqli->query('SELECT *\nFROM `...')
#1 /Users/dodacdung/Sites/localhost/helpdeskz/hdz/framework/Database/BaseConnection.php(713): CodeIgniter\Database\MySQLi\Connection->execute('SELECT *\nFROM `...')
#2 /Users/dodacdung/Sites/localhost/helpdeskz/hdz/framework/Database/BaseConnection.php(641): CodeIgniter\Database\BaseConnection->simpleQuery('SELECT *\nFROM `...')
#3 /Users/dodacdung/Sites/localhost/helpdeskz/hdz/framework/Database/BaseBuilder.php(1866): CodeIgniter\Database\BaseConnection->query('SELECT *\nFROM `...', Array, false)
#4 /Users/dodacdung/Sites/localhost/helpdeskz/hdz/app/Libraries/Settings.php(20): CodeIgniter\Database\BaseBuilder->get()
#5 /Users/dodacdung/Sites/localhost/helpdeskz/hdz/app/Controllers/BaseController.php(71): App\Libraries\Settings->config('maintenance')
#6 /Users/dodacdung/Sites/localhost/helpdeskz/hdz/framework/CodeIgniter.php(909): App\Controllers\BaseController->initController(Object(CodeIgniter\HTTP\IncomingRequest), Object(CodeIgniter\HTTP\Response), Object(CodeIgniter\Log\Logger))
#7 /Users/dodacdung/Sites/localhost/helpdeskz/hdz/framework/CodeIgniter.php(969): CodeIgniter\CodeIgniter->createController()
#8 /Users/dodacdung/Sites/localhost/helpdeskz/hdz/framework/CodeIgniter.php(349): CodeIgniter\CodeIgniter->display404errors(Object(CodeIgniter\Exceptions\PageNotFoundException))
#9 /Users/dodacdung/Sites/localhost/helpdeskz/index.php(44): CodeIgniter\CodeIgniter->run()
#10 {main}
ERROR - 2022-05-22 18:27:12 --> mysqli_sql_exception: Table 'helpdesk.hdz_kb_category' doesn't exist in /Users/dodacdung/Sites/localhost/helpdeskz/hdz/framework/Database/MySQLi/Connection.php:314
Stack trace:
#0 /Users/dodacdung/Sites/localhost/helpdeskz/hdz/framework/Database/MySQLi/Connection.php(314): mysqli->query('SELECT *\nFROM `...')
#1 /Users/dodacdung/Sites/localhost/helpdeskz/hdz/framework/Database/BaseConnection.php(713): CodeIgniter\Database\MySQLi\Connection->execute('SELECT *\nFROM `...')
#2 /Users/dodacdung/Sites/localhost/helpdeskz/hdz/framework/Database/BaseConnection.php(641): CodeIgniter\Database\BaseConnection->simpleQuery('SELECT *\nFROM `...')
#3 /Users/dodacdung/Sites/localhost/helpdeskz/hdz/framework/Database/BaseBuilder.php(1866): CodeIgniter\Database\BaseConnection->query('SELECT *\nFROM `...', Array, false)
#4 /Users/dodacdung/Sites/localhost/helpdeskz/hdz/framework/Model.php(836): CodeIgniter\Database\BaseBuilder->get()
#5 /Users/dodacdung/Sites/localhost/helpdeskz/hdz/app/Libraries/Kb.php(73): CodeIgniter\Model->__call('get', Array)
#6 /Users/dodacdung/Sites/localhost/helpdeskz/hdz/app/Libraries/Kb.php(28): App\Libraries\Kb->publicCatList()
#7 /Users/dodacdung/Sites/localhost/helpdeskz/hdz/app/Config/Services.php(41): App\Libraries\Kb->__construct()
#8 /Users/dodacdung/Sites/localhost/helpdeskz/hdz/framework/Config/BaseService.php(100): Config\Services::kb(false)
#9 /Users/dodacdung/Sites/localhost/helpdeskz/hdz/app/Config/Services.php(39): CodeIgniter\Config\BaseService::getSharedInstance('kb')
#10 /Users/dodacdung/Sites/localhost/helpdeskz/hdz/app/Helpers/helpdesk_helper.php(123): Config\Services::kb()
#11 /Users/dodacdung/Sites/localhost/helpdeskz/hdz/app/Views/client/page_template.php(39): kb_popular()
#12 /Users/dodacdung/Sites/localhost/helpdeskz/hdz/framework/View/View.php(220): include('/Users/dodacdun...')
#13 /Users/dodacdung/Sites/localhost/helpdeskz/hdz/framework/View/View.php(222): CodeIgniter\View\View->CodeIgniter\View\{closure}()
#14 /Users/dodacdung/Sites/localhost/helpdeskz/hdz/framework/View/View.php(236): CodeIgniter\View\View->render('client/page_tem...', Array, true)
#15 /Users/dodacdung/Sites/localhost/helpdeskz/hdz/framework/Common.php(1217): CodeIgniter\View\View->render('client/error', Array, true)
#16 /Users/dodacdung/Sites/localhost/helpdeskz/hdz/app/Controllers/Kb.php(12): view('client/error', Array)
#17 /Users/dodacdung/Sites/localhost/helpdeskz/hdz/framework/CodeIgniter.php(936): App\Controllers\Kb->error404('js', 'vendor-all.min....')
#18 /Users/dodacdung/Sites/localhost/helpdeskz/hdz/framework/CodeIgniter.php(970): CodeIgniter\CodeIgniter->runController(Object(App\Controllers\Kb))
#19 /Users/dodacdung/Sites/localhost/helpdeskz/hdz/framework/CodeIgniter.php(349): CodeIgniter\CodeIgniter->display404errors(Object(CodeIgniter\Exceptions\PageNotFoundException))
#20 /Users/dodacdung/Sites/localhost/helpdeskz/index.php(44): CodeIgniter\CodeIgniter->run()
#21 {main}
CRITICAL - 2022-05-22 18:27:12 --> Attempt to read property "num_rows" on bool
#0 /Users/dodacdung/Sites/localhost/helpdeskz/hdz/app/Libraries/Kb.php(74): CodeIgniter\Debug\Exceptions->errorHandler(2, 'Attempt to read...', '/Users/dodacdun...', 74)
#1 /Users/dodacdung/Sites/localhost/helpdeskz/hdz/app/Libraries/Kb.php(28): App\Libraries\Kb->publicCatList()
#2 /Users/dodacdung/Sites/localhost/helpdeskz/hdz/app/Config/Services.php(41): App\Libraries\Kb->__construct()
#3 /Users/dodacdung/Sites/localhost/helpdeskz/hdz/framework/Config/BaseService.php(100): Config\Services::kb(false)
#4 /Users/dodacdung/Sites/localhost/helpdeskz/hdz/app/Config/Services.php(39): CodeIgniter\Config\BaseService::getSharedInstance('kb')
#5 /Users/dodacdung/Sites/localhost/helpdeskz/hdz/app/Helpers/helpdesk_helper.php(123): Config\Services::kb()
#6 /Users/dodacdung/Sites/localhost/helpdeskz/hdz/app/Views/client/page_template.php(39): kb_popular()
#7 /Users/dodacdung/Sites/localhost/helpdeskz/hdz/framework/View/View.php(220): include('/Users/dodacdun...')
#8 /Users/dodacdung/Sites/localhost/helpdeskz/hdz/framework/View/View.php(222): CodeIgniter\View\View->CodeIgniter\View\{closure}()
#9 /Users/dodacdung/Sites/localhost/helpdeskz/hdz/framework/View/View.php(236): CodeIgniter\View\View->render('client/page_tem...', Array, true)
#10 /Users/dodacdung/Sites/localhost/helpdeskz/hdz/framework/Common.php(1217): CodeIgniter\View\View->render('client/error', Array, true)
#11 /Users/dodacdung/Sites/localhost/helpdeskz/hdz/app/Controllers/Kb.php(12): view('client/error', Array)
#12 /Users/dodacdung/Sites/localhost/helpdeskz/hdz/framework/CodeIgniter.php(936): App\Controllers\Kb->error404('js', 'vendor-all.min....')
#13 /Users/dodacdung/Sites/localhost/helpdeskz/hdz/framework/CodeIgniter.php(970): CodeIgniter\CodeIgniter->runController(Object(App\Controllers\Kb))
#14 /Users/dodacdung/Sites/localhost/helpdeskz/hdz/framework/CodeIgniter.php(349): CodeIgniter\CodeIgniter->display404errors(Object(CodeIgniter\Exceptions\PageNotFoundException))
#15 /Users/dodacdung/Sites/localhost/helpdeskz/index.php(44): CodeIgniter\CodeIgniter->run()
#16 {main}
ERROR - 2022-05-22 18:27:12 --> mysqli_sql_exception: Table 'helpdesk.hdz_config' doesn't exist in /Users/dodacdung/Sites/localhost/helpdeskz/hdz/framework/Database/MySQLi/Connection.php:314
Stack trace:
#0 /Users/dodacdung/Sites/localhost/helpdeskz/hdz/framework/Database/MySQLi/Connection.php(314): mysqli->query('SELECT *\nFROM `...')
#1 /Users/dodacdung/Sites/localhost/helpdeskz/hdz/framework/Database/BaseConnection.php(713): CodeIgniter\Database\MySQLi\Connection->execute('SELECT *\nFROM `...')
#2 /Users/dodacdung/Sites/localhost/helpdeskz/hdz/framework/Database/BaseConnection.php(641): CodeIgniter\Database\BaseConnection->simpleQuery('SELECT *\nFROM `...')
#3 /Users/dodacdung/Sites/localhost/helpdeskz/hdz/framework/Database/BaseBuilder.php(1866): CodeIgniter\Database\BaseConnection->query('SELECT *\nFROM `...', Array, false)
#4 /Users/dodacdung/Sites/localhost/helpdeskz/hdz/app/Libraries/Settings.php(20): CodeIgniter\Database\BaseBuilder->get()
#5 /Users/dodacdung/Sites/localhost/helpdeskz/hdz/app/Controllers/BaseController.php(71): App\Libraries\Settings->config('maintenance')
#6 /Users/dodacdung/Sites/localhost/helpdeskz/hdz/framework/CodeIgniter.php(909): App\Controllers\BaseController->initController(Object(CodeIgniter\HTTP\IncomingRequest), Object(CodeIgniter\HTTP\Response), Object(CodeIgniter\Log\Logger))
#7 /Users/dodacdung/Sites/localhost/helpdeskz/hdz/framework/CodeIgniter.php(969): CodeIgniter\CodeIgniter->createController()
#8 /Users/dodacdung/Sites/localhost/helpdeskz/hdz/framework/CodeIgniter.php(349): CodeIgniter\CodeIgniter->display404errors(Object(CodeIgniter\Exceptions\PageNotFoundException))
#9 /Users/dodacdung/Sites/localhost/helpdeskz/index.php(44): CodeIgniter\CodeIgniter->run()
#10 {main}
ERROR - 2022-05-22 18:27:12 --> mysqli_sql_exception: Table 'helpdesk.hdz_kb_category' doesn't exist in /Users/dodacdung/Sites/localhost/helpdeskz/hdz/framework/Database/MySQLi/Connection.php:314
Stack trace:
#0 /Users/dodacdung/Sites/localhost/helpdeskz/hdz/framework/Database/MySQLi/Connection.php(314): mysqli->query('SELECT *\nFROM `...')
#1 /Users/dodacdung/Sites/localhost/helpdeskz/hdz/framework/Database/BaseConnection.php(713): CodeIgniter\Database\MySQLi\Connection->execute('SELECT *\nFROM `...')
#2 /Users/dodacdung/Sites/localhost/helpdeskz/hdz/framework/Database/BaseConnection.php(641): CodeIgniter\Database\BaseConnection->simpleQuery('SELECT *\nFROM `...')
#3 /Users/dodacdung/Sites/localhost/helpdeskz/hdz/framework/Database/BaseBuilder.php(1866): CodeIgniter\Database\BaseConnection->query('SELECT *\nFROM `...', Array, false)
#4 /Users/dodacdung/Sites/localhost/helpdeskz/hdz/framework/Model.php(836): CodeIgniter\Database\BaseBuilder->get()
#5 /Users/dodacdung/Sites/localhost/helpdeskz/hdz/app/Libraries/Kb.php(73): CodeIgniter\Model->__call('get', Array)
#6 /Users/dodacdung/Sites/localhost/helpdeskz/hdz/app/Libraries/Kb.php(28): App\Libraries\Kb->publicCatList()
#7 /Users/dodacdung/Sites/localhost/helpdeskz/hdz/app/Config/Services.php(41): App\Libraries\Kb->__construct()
#8 /Users/dodacdung/Sites/localhost/helpdeskz/hdz/framework/Config/BaseService.php(100): Config\Services::kb(false)
#9 /Users/dodacdung/Sites/localhost/helpdeskz/hdz/app/Config/Services.php(39): CodeIgniter\Config\BaseService::getSharedInstance('kb')
#10 /Users/dodacdung/Sites/localhost/helpdeskz/hdz/app/Helpers/helpdesk_helper.php(123): Config\Services::kb()
#11 /Users/dodacdung/Sites/localhost/helpdeskz/hdz/app/Views/client/page_template.php(39): kb_popular()
#12 /Users/dodacdung/Sites/localhost/helpdeskz/hdz/framework/View/View.php(220): include('/Users/dodacdun...')
#13 /Users/dodacdung/Sites/localhost/helpdeskz/hdz/framework/View/View.php(222): CodeIgniter\View\View->CodeIgniter\View\{closure}()
#14 /Users/dodacdung/Sites/localhost/helpdeskz/hdz/framework/View/View.php(236): CodeIgniter\View\View->render('client/page_tem...', Array, true)
#15 /Users/dodacdung/Sites/localhost/helpdeskz/hdz/framework/Common.php(1217): CodeIgniter\View\View->render('client/error', Array, true)
#16 /Users/dodacdung/Sites/localhost/helpdeskz/hdz/app/Controllers/Kb.php(12): view('client/error', Array)
#17 /Users/dodacdung/Sites/localhost/helpdeskz/hdz/framework/CodeIgniter.php(936): App\Controllers\Kb->error404('plugins', 'bootstrap', 'js', 'bootstrap.min.j...')
#18 /Users/dodacdung/Sites/localhost/helpdeskz/hdz/framework/CodeIgniter.php(970): CodeIgniter\CodeIgniter->runController(Object(App\Controllers\Kb))
#19 /Users/dodacdung/Sites/localhost/helpdeskz/hdz/framework/CodeIgniter.php(349): CodeIgniter\CodeIgniter->display404errors(Object(CodeIgniter\Exceptions\PageNotFoundException))
#20 /Users/dodacdung/Sites/localhost/helpdeskz/index.php(44): CodeIgniter\CodeIgniter->run()
#21 {main}
CRITICAL - 2022-05-22 18:27:12 --> Attempt to read property "num_rows" on bool
#0 /Users/dodacdung/Sites/localhost/helpdeskz/hdz/app/Libraries/Kb.php(74): CodeIgniter\Debug\Exceptions->errorHandler(2, 'Attempt to read...', '/Users/dodacdun...', 74)
#1 /Users/dodacdung/Sites/localhost/helpdeskz/hdz/app/Libraries/Kb.php(28): App\Libraries\Kb->publicCatList()
#2 /Users/dodacdung/Sites/localhost/helpdeskz/hdz/app/Config/Services.php(41): App\Libraries\Kb->__construct()
#3 /Users/dodacdung/Sites/localhost/helpdeskz/hdz/framework/Config/BaseService.php(100): Config\Services::kb(false)
#4 /Users/dodacdung/Sites/localhost/helpdeskz/hdz/app/Config/Services.php(39): CodeIgniter\Config\BaseService::getSharedInstance('kb')
#5 /Users/dodacdung/Sites/localhost/helpdeskz/hdz/app/Helpers/helpdesk_helper.php(123): Config\Services::kb()
#6 /Users/dodacdung/Sites/localhost/helpdeskz/hdz/app/Views/client/page_template.php(39): kb_popular()
#7 /Users/dodacdung/Sites/localhost/helpdeskz/hdz/framework/View/View.php(220): include('/Users/dodacdun...')
#8 /Users/dodacdung/Sites/localhost/helpdeskz/hdz/framework/View/View.php(222): CodeIgniter\View\View->CodeIgniter\View\{closure}()
#9 /Users/dodacdung/Sites/localhost/helpdeskz/hdz/framework/View/View.php(236): CodeIgniter\View\View->render('client/page_tem...', Array, true)
#10 /Users/dodacdung/Sites/localhost/helpdeskz/hdz/framework/Common.php(1217): CodeIgniter\View\View->render('client/error', Array, true)
#11 /Users/dodacdung/Sites/localhost/helpdeskz/hdz/app/Controllers/Kb.php(12): view('client/error', Array)
#12 /Users/dodacdung/Sites/localhost/helpdeskz/hdz/framework/CodeIgniter.php(936): App\Controllers\Kb->error404('plugins', 'bootstrap', 'js', 'bootstrap.min.j...')
#13 /Users/dodacdung/Sites/localhost/helpdeskz/hdz/framework/CodeIgniter.php(970): CodeIgniter\CodeIgniter->runController(Object(App\Controllers\Kb))
#14 /Users/dodacdung/Sites/localhost/helpdeskz/hdz/framework/CodeIgniter.php(349): CodeIgniter\CodeIgniter->display404errors(Object(CodeIgniter\Exceptions\PageNotFoundException))
#15 /Users/dodacdung/Sites/localhost/helpdeskz/index.php(44): CodeIgniter\CodeIgniter->run()
#16 {main}
